<?xml version="1.0" encoding="UTF-8"?>
<!-- Generated by org.testng.reporters.JUnitXMLReporter -->
<testsuite hostname="RIPLBRD50" ignored="0" name="TC001_VerifyRegistration" tests="7" failures="1" timestamp="10 Apr 2018 10:55:12 GMT" time="19.667" errors="0">
  <testcase name="verifiyLoginWithDifferentRecords" time="1.837" classname="com.test.automation.UIAutomation.tests.VerifiyLoginWithDifferentRecords"/>
  <testcase name="verifiyLoginWithDifferentRecords" time="10.003" classname="com.test.automation.UIAutomation.tests.VerifiyLoginWithDifferentRecords">
    <failure type="org.testng.internal.thread.ThreadTimeoutException" message="Method com.test.automation.UIAutomation.tests.VerifiyLoginWithDifferentRecords.verifiyLoginWithDifferentRecords() didn&amp;apos;t finish within the time-out 10000">
      <![CDATA[org.testng.internal.thread.ThreadTimeoutException: Method com.test.automation.UIAutomation.tests.VerifiyLoginWithDifferentRecords.verifiyLoginWithDifferentRecords() didn't finish within the time-out 10000
	at java.lang.Throwable.printStackTrace(Throwable.java:643)
	at java.lang.Throwable.printStackTrace(Throwable.java:634)
	at com.test.automation.UIAutomation.LoginPage.LoginPage.loginToApplication(LoginPage.java:68)
	at com.test.automation.UIAutomation.tests.VerifiyLoginWithDifferentRecords.verifiyLoginWithDifferentRecords(VerifiyLoginWithDifferentRecords.java:62)
	at java.util.concurrent.Executors$RunnableAdapter.call(Executors.java:511)
	at java.util.concurrent.FutureTask.run(FutureTask.java:266)
	at java.util.concurrent.ThreadPoolExecutor.runWorker(ThreadPoolExecutor.java:1142)
	at java.util.concurrent.ThreadPoolExecutor$Worker.run(ThreadPoolExecutor.java:617)
	at java.lang.Thread.run(Thread.java:745)
... Removed 7 stack frames]]>
    </failure>
  </testcase> <!-- verifiyLoginWithDifferentRecords -->
  <testcase name="verifiyLoginWithDifferentRecords" time="0.004" classname="com.test.automation.UIAutomation.tests.VerifiyLoginWithDifferentRecords">
    <skipped/>
  </testcase> <!-- verifiyLoginWithDifferentRecords -->
  <testcase name="verifiyLoginWithDifferentRecords" time="0.002" classname="com.test.automation.UIAutomation.tests.VerifiyLoginWithDifferentRecords">
    <skipped/>
  </testcase> <!-- verifiyLoginWithDifferentRecords -->
  <testcase name="verifiyLoginWithDifferentRecords" time="0.002" classname="com.test.automation.UIAutomation.tests.VerifiyLoginWithDifferentRecords">
    <skipped/>
  </testcase> <!-- verifiyLoginWithDifferentRecords -->
  <testcase name="verifiyLoginWithDifferentRecords" time="0.006" classname="com.test.automation.UIAutomation.tests.VerifiyLoginWithDifferentRecords">
    <skipped/>
  </testcase> <!-- verifiyLoginWithDifferentRecords -->
  <testcase name="verifiyLoginWithDifferentRecords" time="0.002" classname="com.test.automation.UIAutomation.tests.VerifiyLoginWithDifferentRecords">
    <skipped/>
  </testcase> <!-- verifiyLoginWithDifferentRecords -->
</testsuite> <!-- TC001_VerifyRegistration -->
