<?xml version="1.0" encoding="UTF-8"?>
<!-- Generated by org.testng.reporters.JUnitXMLReporter -->
<testsuite hostname="RIPLBRD50" ignored="0" name="Test" tests="13" failures="0" timestamp="21 Mar 2018 06:21:40 GMT" time="24.82" errors="0">
  <testcase name="Logins" time="6.151" classname="com.test.automation.UIAutomation.tests.AssessmentCandidateTest"/>
  <testcase name="selctCandidateListPage" time="5.724" classname="com.test.automation.UIAutomation.tests.AssessmentCandidateTest"/>
  <testcase name="selectCandidate" time="0.001" classname="com.test.automation.UIAutomation.tests.AssessmentCandidateTest">
    <skipped/>
  </testcase> <!-- selectCandidate -->
  <testcase name="selectCandidate" time="0.001" classname="com.test.automation.UIAutomation.tests.AssessmentCandidateTest">
    <skipped/>
  </testcase> <!-- selectCandidate -->
  <testcase name="selectCandidate" time="0.08" classname="com.test.automation.UIAutomation.tests.AssessmentCandidateTest"/>
  <testcase name="selectCandidate" time="0.001" classname="com.test.automation.UIAutomation.tests.AssessmentCandidateTest">
    <skipped/>
  </testcase> <!-- selectCandidate -->
  <testcase name="selectCandidate" time="0.001" classname="com.test.automation.UIAutomation.tests.AssessmentCandidateTest">
    <skipped/>
  </testcase> <!-- selectCandidate -->
  <testcase name="selectCandidate" time="0.001" classname="com.test.automation.UIAutomation.tests.AssessmentCandidateTest">
    <skipped/>
  </testcase> <!-- selectCandidate -->
  <testcase name="selectCandidate" time="0.001" classname="com.test.automation.UIAutomation.tests.AssessmentCandidateTest">
    <skipped/>
  </testcase> <!-- selectCandidate -->
  <testcase name="selectCandidate" time="0.001" classname="com.test.automation.UIAutomation.tests.AssessmentCandidateTest">
    <skipped/>
  </testcase> <!-- selectCandidate -->
  <testcase name="selectCandidate" time="0.074" classname="com.test.automation.UIAutomation.tests.AssessmentCandidateTest"/>
  <testcase name="selectCandidate" time="0.039" classname="com.test.automation.UIAutomation.tests.AssessmentCandidateTest"/>
  <testcase name="clickAssignbtn" time="5.661" classname="com.test.automation.UIAutomation.tests.AssessmentCandidateTest"/>
</testsuite> <!-- Test -->
