<?xml version="1.0" encoding="UTF-8"?>
<!-- Generated by org.testng.reporters.JUnitXMLReporter -->
<testsuite hostname="RIPLBRD50" ignored="0" name="Default test" tests="9" failures="0" timestamp="11 Apr 2018 11:19:52 GMT" time="0.592" errors="0">
  <testcase name="@BeforeTest setUp1" time="0.0" classname="com.test.automation.UIAutomation.testBase.TestBase">
    <failure type="org.testng.TestNGException" message="
Parameter &amp;apos;browser&amp;apos; is required by BeforeTest on method setUp1 but has not been marked @Optional or defined
in C:\Users\yogeshsolanki\AppData\Local\Temp\testng-eclipse--1099880835\testng-customsuite.xml">
      <![CDATA[org.testng.TestNGException: 
Parameter 'browser' is required by BeforeTest on method setUp1 but has not been marked @Optional or defined
in C:\Users\yogeshsolanki\AppData\Local\Temp\testng-eclipse--1099880835\testng-customsuite.xml
	at org.testng.internal.Parameters.createParameters(Parameters.java:199)
	at org.testng.internal.Parameters.createParameters(Parameters.java:443)
	at org.testng.internal.Parameters.createConfigurationParameters(Parameters.java:118)
	at org.testng.internal.Invoker.invokeConfigurations(Invoker.java:203)
	at org.testng.internal.Invoker.invokeConfigurations(Invoker.java:144)
	at org.testng.TestRunner.beforeRun(TestRunner.java:634)
	at org.testng.TestRunner.run(TestRunner.java:602)
	at org.testng.SuiteRunner.runTest(SuiteRunner.java:387)
	at org.testng.SuiteRunner.runSequentially(SuiteRunner.java:382)
	at org.testng.SuiteRunner.privateRun(SuiteRunner.java:340)
	at org.testng.SuiteRunner.run(SuiteRunner.java:289)
	at org.testng.SuiteRunnerWorker.runSuite(SuiteRunnerWorker.java:52)
	at org.testng.SuiteRunnerWorker.run(SuiteRunnerWorker.java:86)
	at org.testng.TestNG.runSuitesSequentially(TestNG.java:1293)
	at org.testng.TestNG.runSuitesLocally(TestNG.java:1218)
	at org.testng.TestNG.runSuites(TestNG.java:1133)
	at org.testng.TestNG.run(TestNG.java:1104)
	at org.testng.remote.AbstractRemoteTestNG.run(AbstractRemoteTestNG.java:126)
	at org.testng.remote.RemoteTestNG.initAndRun(RemoteTestNG.java:152)
	at org.testng.remote.RemoteTestNG.main(RemoteTestNG.java:57)
]]>
    </failure>
  </testcase> <!-- @BeforeTest setUp1 -->
  <testcase name="login" time="0.004" classname="com.test.automation.UIAutomation.tests.CandidateCycle">
    <skipped/>
  </testcase> <!-- login -->
  <testcase name="selectMatches" time="0.001" classname="com.test.automation.UIAutomation.tests.CandidateCycle">
    <skipped/>
  </testcase> <!-- selectMatches -->
  <testcase name="AddCandidateReferences" time="0.0" classname="com.test.automation.UIAutomation.tests.CandidateCycle">
    <skipped/>
  </testcase> <!-- AddCandidateReferences -->
  <testcase name="assessment" time="0.0" classname="com.test.automation.UIAutomation.tests.CandidateCycle">
    <skipped/>
  </testcase> <!-- assessment -->
  <testcase name="prospective" time="0.0" classname="com.test.automation.UIAutomation.tests.CandidateCycle">
    <skipped/>
  </testcase> <!-- prospective -->
  <testcase name="submission" time="0.0" classname="com.test.automation.UIAutomation.tests.CandidateCycle">
    <skipped/>
  </testcase> <!-- submission -->
  <testcase name="shortlisted" time="0.0" classname="com.test.automation.UIAutomation.tests.CandidateCycle">
    <skipped/>
  </testcase> <!-- shortlisted -->
  <testcase name="interview" time="0.0" classname="com.test.automation.UIAutomation.tests.CandidateCycle">
    <skipped/>
  </testcase> <!-- interview -->
  <testcase name="offerRecived" time="0.0" classname="com.test.automation.UIAutomation.tests.CandidateCycle">
    <skipped/>
  </testcase> <!-- offerRecived -->
</testsuite> <!-- Default test -->
