<?xml version="1.0" encoding="UTF-8"?>
<!-- Generated by org.testng.reporters.JUnitXMLReporter -->
<testsuite hostname="RIPLBRD50" ignored="0" name="Test" tests="4" failures="0" timestamp="11 Apr 2018 10:42:17 GMT" time="24.039" errors="0">
  <testcase name="Logins" time="6.043" classname="com.test.automation.UIAutomation.tests.DashboardAdminHeaderTest"/>
  <testcase name="selctDashboardPage" time="1.541" classname="com.test.automation.UIAutomation.tests.DashboardAdminHeaderTest"/>
  <testcase name="selectHeader" time="0.667" classname="com.test.automation.UIAutomation.tests.DashboardAdminHeaderTest"/>
  <testcase name="exportReport" time="10.945" classname="com.test.automation.UIAutomation.tests.DashboardAdminHeaderTest"/>
</testsuite> <!-- Test -->
